[INFO] Scanning for projects...
[INFO] 
[INFO] ------------------------< com.example:vgashop >-------------------------
[INFO] Building vgashop 0.0.1-SNAPSHOT
[INFO]   from pom.xml
[INFO] --------------------------------[ jar ]---------------------------------
[INFO] 
[INFO] >>> spring-boot:3.3.4:run (default-cli) > test-compile @ vgashop >>>
[INFO] 
[INFO] --- resources:3.3.1:resources (default-resources) @ vgashop ---
[INFO] Copying 1 resource from src\main\resources to target\classes
[INFO] Copying 0 resource from src\main\resources to target\classes
[INFO] 
[INFO] --- compiler:3.13.0:compile (default-compile) @ vgashop ---
[INFO] Nothing to compile - all classes are up to date.
[INFO] 
[INFO] --- resources:3.3.1:testResources (default-testResources) @ vgashop ---
[INFO] skip non existing resourceDirectory C:\Users\thanh\vga-store\backend\vgashop\src\test\resources
[INFO] 
[INFO] --- compiler:3.13.0:testCompile (default-testCompile) @ vgashop ---
[INFO] Nothing to compile - all classes are up to date.
[INFO] 
[INFO] <<< spring-boot:3.3.4:run (default-cli) < test-compile @ vgashop <<<
[INFO] 
[INFO] 
[INFO] --- spring-boot:3.3.4:run (default-cli) @ vgashop ---
[INFO] Attaching agents: []

  .   ____          _            __ _ _
 /\\ / ___'_ __ _ _(_)_ __  __ _ \ \ \ \
( ( )\___ | '_ | '_| | '_ \/ _` | \ \ \ \
 \\/  ___)| |_)| | | | | || (_| |  ) ) ) )
  '  |____| .__|_| |_|_| |_\__, | / / / /
 =========|_|==============|___/=/_/_/_/

 :: Spring Boot ::                (v3.3.4)

2026-04-26T00:22:13.931+07:00  INFO 25380 --- [vgashop] [           main] com.example.vgashop.VgashopApplication   : Starting VgashopApplication using Java 17.0.17 with PID 25380 (C:\Users\thanh\vga-store\backend\vgashop\target\classes started by thanh in C:\Users\thanh\vga-store\backend\vgashop)
2026-04-26T00:22:13.935+07:00  INFO 25380 --- [vgashop] [           main] com.example.vgashop.VgashopApplication   : No active profile set, falling back to 1 default profile: "default"
2026-04-26T00:22:14.663+07:00  INFO 25380 --- [vgashop] [           main] .s.d.r.c.RepositoryConfigurationDelegate : Bootstrapping Spring Data JPA repositories in DEFAULT mode.
2026-04-26T00:22:14.769+07:00  INFO 25380 --- [vgashop] [           main] .s.d.r.c.RepositoryConfigurationDelegate : Finished Spring Data repository scanning in 97 ms. Found 13 JPA repository interfaces.
2026-04-26T00:22:15.277+07:00  INFO 25380 --- [vgashop] [           main] o.s.b.w.embedded.tomcat.TomcatWebServer  : Tomcat initialized with port 8080 (http)
2026-04-26T00:22:15.288+07:00  INFO 25380 --- [vgashop] [           main] o.apache.catalina.core.StandardService   : Starting service [Tomcat]
2026-04-26T00:22:15.289+07:00  INFO 25380 --- [vgashop] [           main] o.apache.catalina.core.StandardEngine    : Starting Servlet engine: [Apache Tomcat/10.1.30]
2026-04-26T00:22:15.334+07:00  INFO 25380 --- [vgashop] [           main] o.a.c.c.C.[Tomcat].[localhost].[/]       : Initializing Spring embedded WebApplicationContext
2026-04-26T00:22:15.335+07:00  INFO 25380 --- [vgashop] [           main] w.s.c.ServletWebServerApplicationContext : Root WebApplicationContext: initialization completed in 1358 ms
2026-04-26T00:22:15.452+07:00  INFO 25380 --- [vgashop] [           main] o.hibernate.jpa.internal.util.LogHelper  : HHH000204: Processing PersistenceUnitInfo [name: default]
2026-04-26T00:22:15.484+07:00  INFO 25380 --- [vgashop] [           main] org.hibernate.Version                    : HHH000412: Hibernate ORM core version 6.5.3.Final
2026-04-26T00:22:15.505+07:00  INFO 25380 --- [vgashop] [           main] o.h.c.internal.RegionFactoryInitiator    : HHH000026: Second-level cache disabled
2026-04-26T00:22:15.702+07:00  INFO 25380 --- [vgashop] [           main] o.s.o.j.p.SpringPersistenceUnitInfo      : No LoadTimeWeaver setup: ignoring JPA class transformer
2026-04-26T00:22:15.734+07:00  INFO 25380 --- [vgashop] [           main] com.zaxxer.hikari.HikariDataSource       : HikariPool-1 - Starting...
2026-04-26T00:22:15.870+07:00  INFO 25380 --- [vgashop] [           main] com.zaxxer.hikari.pool.HikariPool        : HikariPool-1 - Added connection org.postgresql.jdbc.PgConnection@58739e5e
2026-04-26T00:22:15.872+07:00  INFO 25380 --- [vgashop] [           main] com.zaxxer.hikari.HikariDataSource       : HikariPool-1 - Start completed.
2026-04-26T00:22:15.899+07:00  WARN 25380 --- [vgashop] [           main] org.hibernate.orm.deprecation            : HHH90000025: PostgreSQLDialect does not need to be specified explicitly using 'hibernate.dialect' (remove the property setting and it will be selected by default)
2026-04-26T00:22:16.935+07:00  INFO 25380 --- [vgashop] [           main] o.h.e.t.j.p.i.JtaPlatformInitiator       : HHH000489: No JTA platform available (set 'hibernate.transaction.jta.platform' to enable JTA platform integration)
Hibernate: alter table if exists blogs alter column content set data type TEXT
Hibernate: alter table if exists brands alter column description set data type TEXT
Hibernate: alter table if exists orders alter column note set data type TEXT
Hibernate: alter table if exists payments alter column note set data type TEXT
Hibernate: alter table if exists products alter column description set data type TEXT
Hibernate: alter table if exists products alter column images_json set data type TEXT
Hibernate: alter table if exists reviews alter column comment set data type TEXT
Hibernate: alter table if exists service_policies alter column content set data type TEXT
Hibernate: alter table if exists system_settings alter column setting_value set data type TEXT
Hibernate: alter table if exists users alter column address set data type TEXT
2026-04-26T00:22:17.090+07:00  INFO 25380 --- [vgashop] [           main] j.LocalContainerEntityManagerFactoryBean : Initialized JPA EntityManagerFactory for persistence unit 'default'
2026-04-26T00:22:17.396+07:00  INFO 25380 --- [vgashop] [           main] o.s.d.j.r.query.QueryEnhancerFactory     : Hibernate is in classpath; If applicable, HQL parser will be used.
2026-04-26T00:22:18.025+07:00  WARN 25380 --- [vgashop] [           main] JpaBaseConfiguration$JpaWebConfiguration : spring.jpa.open-in-view is enabled by default. Therefore, database queries may be performed during view rendering. Explicitly configure spring.jpa.open-in-view to disable this warning
2026-04-26T00:22:18.046+07:00  INFO 25380 --- [vgashop] [           main] r$InitializeUserDetailsManagerConfigurer : Global AuthenticationManager configured with UserDetailsService bean with name inMemoryUserDetailsManager
2026-04-26T00:22:18.429+07:00  WARN 25380 --- [vgashop] [           main] ConfigServletWebServerApplicationContext : Exception encountered during context initialization - cancelling refresh attempt: org.springframework.context.ApplicationContextException: Failed to start bean 'webServerStartStop'
2026-04-26T00:22:18.431+07:00  INFO 25380 --- [vgashop] [           main] j.LocalContainerEntityManagerFactoryBean : Closing JPA EntityManagerFactory for persistence unit 'default'
2026-04-26T00:22:18.433+07:00  INFO 25380 --- [vgashop] [           main] com.zaxxer.hikari.HikariDataSource       : HikariPool-1 - Shutdown initiated...
2026-04-26T00:22:18.437+07:00  INFO 25380 --- [vgashop] [           main] com.zaxxer.hikari.HikariDataSource       : HikariPool-1 - Shutdown completed.
2026-04-26T00:22:18.452+07:00  INFO 25380 --- [vgashop] [           main] .s.b.a.l.ConditionEvaluationReportLogger : 

Error starting ApplicationContext. To display the condition evaluation report re-run your application with 'debug' enabled.
2026-04-26T00:22:18.465+07:00 ERROR 25380 --- [vgashop] [           main] o.s.b.d.LoggingFailureAnalysisReporter   : 

***************************
APPLICATION FAILED TO START
***************************

Description:

Web server failed to start. Port 8080 was already in use.

Action:

Identify and stop the process that's listening on port 8080 or configure this application to listen on another port.

[INFO] ------------------------------------------------------------------------
[INFO] BUILD FAILURE
[INFO] ------------------------------------------------------------------------
[INFO] Total time:  6.905 s
[INFO] Finished at: 2026-04-26T00:22:18+07:00
[INFO] ------------------------------------------------------------------------
[ERROR] Failed to execute goal org.springframework.boot:spring-boot-maven-plugin:3.3.4:run (default-cli) on project vgashop: Process terminated with exit code: 1 -> [Help 1]
[ERROR] 
[ERROR] To see the full stack trace of the errors, re-run Maven with the -e switch.
[ERROR] Re-run Maven using the -X switch to enable full debug logging.
[ERROR] 
[ERROR] For more information about the errors and possible solutions, please read the following articles:
[ERROR] [Help 1] http://cwiki.apache.org/confluence/display/MAVEN/MojoExecutionException
